<?xml version="1.0" encoding="UTF-8"?>
<coverage generated="1603690094055" clover="3.2.0">
  <project timestamp="1603690094055" name="All files">
    <metrics statements="52" coveredstatements="24" conditionals="10" coveredconditionals="0" methods="18" coveredmethods="0" elements="80" coveredelements="24" complexity="0" loc="52" ncloc="52" packages="1" files="7" classes="7"/>
    <file name="Block.js" path="/Users/o/Documents/GitHub/eosjs_demo/src/components/Block.js">
      <metrics statements="7" coveredstatements="3" conditionals="4" coveredconditionals="0" methods="1" coveredmethods="0"/>
      <line num="13" count="0" type="stmt"/>
      <line num="14" count="0" type="stmt"/>
      <line num="105" count="0" type="stmt"/>
      <line num="106" count="0" type="stmt"/>
      <line num="110" count="1" type="stmt"/>
      <line num="117" count="1" type="stmt"/>
      <line num="124" count="1" type="stmt"/>
    </file>
    <file name="BlockFeed.js" path="/Users/o/Documents/GitHub/eosjs_demo/src/components/BlockFeed.js">
      <metrics statements="2" coveredstatements="0" conditionals="0" coveredconditionals="0" methods="2" coveredmethods="0"/>
      <line num="6" count="0" type="stmt"/>
      <line num="12" count="0" type="stmt"/>
    </file>
    <file name="ErrorBoundary.js" path="/Users/o/Documents/GitHub/eosjs_demo/src/components/ErrorBoundary.js">
      <metrics statements="6" coveredstatements="0" conditionals="4" coveredconditionals="0" methods="3" coveredmethods="0"/>
      <line num="6" count="0" type="stmt"/>
      <line num="7" count="0" type="stmt"/>
      <line num="12" count="0" type="stmt"/>
      <line num="20" count="0" type="cond" truecount="0" falsecount="2"/>
      <line num="22" count="0" type="stmt"/>
      <line num="34" count="0" type="stmt"/>
    </file>
    <file name="GrabTen.js" path="/Users/o/Documents/GitHub/eosjs_demo/src/components/GrabTen.js">
      <metrics statements="5" coveredstatements="2" conditionals="2" coveredconditionals="0" methods="3" coveredmethods="0"/>
      <line num="28" count="0" type="stmt"/>
      <line num="42" count="0" type="stmt"/>
      <line num="53" count="0" type="stmt"/>
      <line num="66" count="1" type="stmt"/>
      <line num="77" count="1" type="stmt"/>
    </file>
    <file name="Header.js" path="/Users/o/Documents/GitHub/eosjs_demo/src/components/Header.js">
      <metrics statements="4" coveredstatements="1" conditionals="0" coveredconditionals="0" methods="3" coveredmethods="0"/>
      <line num="29" count="0" type="stmt"/>
      <line num="90" count="0" type="stmt"/>
      <line num="107" count="0" type="stmt"/>
      <line num="137" count="1" type="stmt"/>
    </file>
    <file name="SearchABI.js" path="/Users/o/Documents/GitHub/eosjs_demo/src/components/SearchABI.js">
      <metrics statements="16" coveredstatements="7" conditionals="0" coveredconditionals="0" methods="5" coveredmethods="0"/>
      <line num="41" count="1" type="stmt"/>
      <line num="43" count="1" type="stmt"/>
      <line num="47" count="1" type="stmt"/>
      <line num="50" count="1" type="stmt"/>
      <line num="57" count="0" type="stmt"/>
      <line num="58" count="0" type="stmt"/>
      <line num="59" count="0" type="stmt"/>
      <line num="62" count="0" type="stmt"/>
      <line num="97" count="0" type="stmt"/>
      <line num="108" count="0" type="stmt"/>
      <line num="109" count="0" type="stmt"/>
      <line num="110" count="0" type="stmt"/>
      <line num="111" count="0" type="stmt"/>
      <line num="154" count="1" type="stmt"/>
      <line num="164" count="1" type="stmt"/>
      <line num="189" count="1" type="stmt"/>
    </file>
    <file name="Transaction.js" path="/Users/o/Documents/GitHub/eosjs_demo/src/components/Transaction.js">
      <metrics statements="12" coveredstatements="11" conditionals="0" coveredconditionals="0" methods="1" coveredmethods="0"/>
      <line num="20" count="0" type="stmt"/>
      <line num="333" count="1" type="stmt"/>
      <line num="337" count="1" type="stmt"/>
      <line num="346" count="1" type="stmt"/>
      <line num="352" count="1" type="stmt"/>
      <line num="359" count="1" type="stmt"/>
      <line num="368" count="1" type="stmt"/>
      <line num="373" count="1" type="stmt"/>
      <line num="381" count="1" type="stmt"/>
      <line num="386" count="1" type="stmt"/>
      <line num="390" count="1" type="stmt"/>
      <line num="395" count="1" type="stmt"/>
    </file>
  </project>
</coverage>
