<?xml version="1.0" encoding="UTF-8"?>
<coverage generated="1603587404882" clover="3.2.0">
  <project timestamp="1603587404883" name="All files">
    <metrics statements="59" coveredstatements="31" conditionals="10" coveredconditionals="0" methods="18" coveredmethods="0" elements="87" coveredelements="31" complexity="0" loc="59" ncloc="59" packages="1" files="7" classes="7"/>
    <file name="Block.js" path="/Users/o/Documents/GitHub/eosjs_demo/src/components/Block.js">
      <metrics statements="7" coveredstatements="3" conditionals="4" coveredconditionals="0" methods="1" coveredmethods="0"/>
      <line num="13" count="0" type="stmt"/>
      <line num="14" count="0" type="stmt"/>
      <line num="105" count="0" type="stmt"/>
      <line num="106" count="0" type="stmt"/>
      <line num="110" count="1" type="stmt"/>
      <line num="117" count="1" type="stmt"/>
      <line num="124" count="1" type="stmt"/>
    </file>
    <file name="BlockFeed.js" path="/Users/o/Documents/GitHub/eosjs_demo/src/components/BlockFeed.js">
      <metrics statements="2" coveredstatements="0" conditionals="0" coveredconditionals="0" methods="2" coveredmethods="0"/>
      <line num="26" count="0" type="stmt"/>
      <line num="42" count="0" type="stmt"/>
    </file>
    <file name="ErrorBoundary.js" path="/Users/o/Documents/GitHub/eosjs_demo/src/components/ErrorBoundary.js">
      <metrics statements="6" coveredstatements="0" conditionals="4" coveredconditionals="0" methods="3" coveredmethods="0"/>
      <line num="6" count="0" type="stmt"/>
      <line num="7" count="0" type="stmt"/>
      <line num="12" count="0" type="stmt"/>
      <line num="20" count="0" type="cond" truecount="0" falsecount="2"/>
      <line num="22" count="0" type="stmt"/>
      <line num="34" count="0" type="stmt"/>
    </file>
    <file name="GrabTen.js" path="/Users/o/Documents/GitHub/eosjs_demo/src/components/GrabTen.js">
      <metrics statements="5" coveredstatements="2" conditionals="2" coveredconditionals="0" methods="3" coveredmethods="0"/>
      <line num="26" count="0" type="stmt"/>
      <line num="40" count="0" type="stmt"/>
      <line num="51" count="0" type="stmt"/>
      <line num="63" count="1" type="stmt"/>
      <line num="74" count="1" type="stmt"/>
    </file>
    <file name="Header.js" path="/Users/o/Documents/GitHub/eosjs_demo/src/components/Header.js">
      <metrics statements="4" coveredstatements="1" conditionals="0" coveredconditionals="0" methods="3" coveredmethods="0"/>
      <line num="29" count="0" type="stmt"/>
      <line num="90" count="0" type="stmt"/>
      <line num="106" count="0" type="stmt"/>
      <line num="135" count="1" type="stmt"/>
    </file>
    <file name="SearchABI.js" path="/Users/o/Documents/GitHub/eosjs_demo/src/components/SearchABI.js">
      <metrics statements="23" coveredstatements="14" conditionals="0" coveredconditionals="0" methods="5" coveredmethods="0"/>
      <line num="34" count="1" type="stmt"/>
      <line num="35" count="1" type="stmt"/>
      <line num="36" count="1" type="stmt"/>
      <line num="37" count="1" type="stmt"/>
      <line num="38" count="1" type="stmt"/>
      <line num="39" count="1" type="stmt"/>
      <line num="40" count="1" type="stmt"/>
      <line num="41" count="1" type="stmt"/>
      <line num="44" count="1" type="stmt"/>
      <line num="45" count="1" type="stmt"/>
      <line num="46" count="1" type="stmt"/>
      <line num="53" count="0" type="stmt"/>
      <line num="55" count="0" type="stmt"/>
      <line num="56" count="0" type="stmt"/>
      <line num="59" count="0" type="stmt"/>
      <line num="94" count="0" type="stmt"/>
      <line num="105" count="0" type="stmt"/>
      <line num="106" count="0" type="stmt"/>
      <line num="107" count="0" type="stmt"/>
      <line num="108" count="0" type="stmt"/>
      <line num="152" count="1" type="stmt"/>
      <line num="162" count="1" type="stmt"/>
      <line num="187" count="1" type="stmt"/>
    </file>
    <file name="Transaction.js" path="/Users/o/Documents/GitHub/eosjs_demo/src/components/Transaction.js">
      <metrics statements="12" coveredstatements="11" conditionals="0" coveredconditionals="0" methods="1" coveredmethods="0"/>
      <line num="20" count="0" type="stmt"/>
      <line num="333" count="1" type="stmt"/>
      <line num="337" count="1" type="stmt"/>
      <line num="346" count="1" type="stmt"/>
      <line num="352" count="1" type="stmt"/>
      <line num="359" count="1" type="stmt"/>
      <line num="368" count="1" type="stmt"/>
      <line num="373" count="1" type="stmt"/>
      <line num="381" count="1" type="stmt"/>
      <line num="386" count="1" type="stmt"/>
      <line num="390" count="1" type="stmt"/>
      <line num="395" count="1" type="stmt"/>
    </file>
  </project>
</coverage>
