{"total": {"lines":{"total":59,"covered":31,"skipped":0,"pct":52.54},"statements":{"total":59,"covered":31,"skipped":0,"pct":52.54},"functions":{"total":18,"covered":0,"skipped":0,"pct":0},"branches":{"total":10,"covered":0,"skipped":0,"pct":0}}
,"/Users/o/Documents/GitHub/eosjs_demo/src/components/Block.js": {"lines":{"total":7,"covered":3,"skipped":0,"pct":42.86},"functions":{"total":1,"covered":0,"skipped":0,"pct":0},"statements":{"total":7,"covered":3,"skipped":0,"pct":42.86},"branches":{"total":4,"covered":0,"skipped":0,"pct":0}}
,"/Users/o/Documents/GitHub/eosjs_demo/src/components/BlockFeed.js": {"lines":{"total":2,"covered":0,"skipped":0,"pct":0},"functions":{"total":2,"covered":0,"skipped":0,"pct":0},"statements":{"total":2,"covered":0,"skipped":0,"pct":0},"branches":{"total":0,"covered":0,"skipped":0,"pct":100}}
,"/Users/o/Documents/GitHub/eosjs_demo/src/components/ErrorBoundary.js": {"lines":{"total":6,"covered":0,"skipped":0,"pct":0},"functions":{"total":3,"covered":0,"skipped":0,"pct":0},"statements":{"total":6,"covered":0,"skipped":0,"pct":0},"branches":{"total":4,"covered":0,"skipped":0,"pct":0}}
,"/Users/o/Documents/GitHub/eosjs_demo/src/components/GrabTen.js": {"lines":{"total":5,"covered":2,"skipped":0,"pct":40},"functions":{"total":3,"covered":0,"skipped":0,"pct":0},"statements":{"total":5,"covered":2,"skipped":0,"pct":40},"branches":{"total":2,"covered":0,"skipped":0,"pct":0}}
,"/Users/o/Documents/GitHub/eosjs_demo/src/components/Header.js": {"lines":{"total":4,"covered":1,"skipped":0,"pct":25},"functions":{"total":3,"covered":0,"skipped":0,"pct":0},"statements":{"total":4,"covered":1,"skipped":0,"pct":25},"branches":{"total":0,"covered":0,"skipped":0,"pct":100}}
,"/Users/o/Documents/GitHub/eosjs_demo/src/components/SearchABI.js": {"lines":{"total":23,"covered":14,"skipped":0,"pct":60.87},"functions":{"total":5,"covered":0,"skipped":0,"pct":0},"statements":{"total":23,"covered":14,"skipped":0,"pct":60.87},"branches":{"total":0,"covered":0,"skipped":0,"pct":100}}
,"/Users/o/Documents/GitHub/eosjs_demo/src/components/Transaction.js": {"lines":{"total":12,"covered":11,"skipped":0,"pct":91.67},"functions":{"total":1,"covered":0,"skipped":0,"pct":0},"statements":{"total":12,"covered":11,"skipped":0,"pct":91.67},"branches":{"total":0,"covered":0,"skipped":0,"pct":100}}
}
