{"/Users/o/Documents/GitHub/eosjs_demo/src/components/Block.js": {"path":"/Users/o/Documents/GitHub/eosjs_demo/src/components/Block.js","statementMap":{"0":{"start":{"line":13,"column":0},"end":{"line":107,"column":3}},"1":{"start":{"line":14,"column":2},"end":{"line":103,"column":4}},"2":{"start":{"line":105,"column":4},"end":{"line":105,"column":20}},"3":{"start":{"line":106,"column":4},"end":{"line":106,"column":28}},"4":{"start":{"line":110,"column":20},"end":{"line":115,"column":1}},"5":{"start":{"line":117,"column":17},"end":{"line":122,"column":1}},"6":{"start":{"line":124,"column":19},"end":{"line":129,"column":1}}},"fnMap":{"0":{"name":"Block","decl":{"start":{"line":11,"column":24},"end":{"line":11,"column":29}},"loc":{"start":{"line":11,"column":37},"end":{"line":108,"column":1}},"line":11}},"branchMap":{"0":{"loc":{"start":{"line":84,"column":13},"end":{"line":98,"column":13}},"type":"cond-expr","locations":[{"start":{"line":85,"column":14},"end":{"line":95,"column":15}},{"start":{"line":97,"column":14},"end":{"line":97,"column":16}}],"line":84},"1":{"loc":{"start":{"line":85,"column":14},"end":{"line":95,"column":15}},"type":"cond-expr","locations":[{"start":{"line":86,"column":16},"end":{"line":92,"column":22}},{"start":{"line":94,"column":16},"end":{"line":94,"column":40}}],"line":85}},"s":{"0":0,"1":0,"2":0,"3":0,"4":1,"5":1,"6":1},"f":{"0":0},"b":{"0":[0,0],"1":[0,0]},"_coverageSchema":"43e27e138ebf9cfc5966b082cf9a028302ed4184","hash":"e9950c305e85cdd3054cfffd5c08f7780f445240"}
,"/Users/o/Documents/GitHub/eosjs_demo/src/components/BlockFeed.js": {"path":"/Users/o/Documents/GitHub/eosjs_demo/src/components/BlockFeed.js","statementMap":{"0":{"start":{"line":6,"column":2},"end":{"line":16,"column":4}},"1":{"start":{"line":12,"column":12},"end":{"line":12,"column":78}}},"fnMap":{"0":{"name":"BlockFeed","decl":{"start":{"line":5,"column":24},"end":{"line":5,"column":33}},"loc":{"start":{"line":5,"column":41},"end":{"line":17,"column":1}},"line":5},"1":{"name":"(anonymous_1)","decl":{"start":{"line":11,"column":15},"end":{"line":11,"column":16}},"loc":{"start":{"line":12,"column":12},"end":{"line":12,"column":78}},"line":12}},"branchMap":{},"s":{"0":0,"1":0},"f":{"0":0,"1":0},"b":{},"_coverageSchema":"43e27e138ebf9cfc5966b082cf9a028302ed4184","hash":"17f8d7d2abbe88a2f26a5f1e6c4d39e7cd4d5e9a"}
,"/Users/o/Documents/GitHub/eosjs_demo/src/components/ErrorBoundary.js": {"path":"/Users/o/Documents/GitHub/eosjs_demo/src/components/ErrorBoundary.js","statementMap":{"0":{"start":{"line":6,"column":6},"end":{"line":6,"column":19}},"1":{"start":{"line":7,"column":6},"end":{"line":7,"column":52}},"2":{"start":{"line":12,"column":6},"end":{"line":15,"column":8}},"3":{"start":{"line":20,"column":6},"end":{"line":32,"column":7}},"4":{"start":{"line":22,"column":8},"end":{"line":31,"column":10}},"5":{"start":{"line":34,"column":6},"end":{"line":34,"column":33}}},"fnMap":{"0":{"name":"(anonymous_0)","decl":{"start":{"line":5,"column":4},"end":{"line":5,"column":5}},"loc":{"start":{"line":5,"column":23},"end":{"line":8,"column":5}},"line":5},"1":{"name":"(anonymous_1)","decl":{"start":{"line":10,"column":4},"end":{"line":10,"column":5}},"loc":{"start":{"line":10,"column":40},"end":{"line":17,"column":5}},"line":10},"2":{"name":"(anonymous_2)","decl":{"start":{"line":19,"column":4},"end":{"line":19,"column":5}},"loc":{"start":{"line":19,"column":13},"end":{"line":35,"column":5}},"line":19}},"branchMap":{"0":{"loc":{"start":{"line":20,"column":6},"end":{"line":32,"column":7}},"type":"if","locations":[{"start":{"line":20,"column":6},"end":{"line":32,"column":7}},{"start":{"line":20,"column":6},"end":{"line":32,"column":7}}],"line":20},"1":{"loc":{"start":{"line":26,"column":15},"end":{"line":26,"column":62}},"type":"binary-expr","locations":[{"start":{"line":26,"column":15},"end":{"line":26,"column":31}},{"start":{"line":26,"column":35},"end":{"line":26,"column":62}}],"line":26}},"s":{"0":0,"1":0,"2":0,"3":0,"4":0,"5":0},"f":{"0":0,"1":0,"2":0},"b":{"0":[0,0],"1":[0,0]},"_coverageSchema":"43e27e138ebf9cfc5966b082cf9a028302ed4184","hash":"c4a1b399fc6a4647f645f193c00747d209837141"}
,"/Users/o/Documents/GitHub/eosjs_demo/src/components/GrabTen.js": {"path":"/Users/o/Documents/GitHub/eosjs_demo/src/components/GrabTen.js","statementMap":{"0":{"start":{"line":28,"column":2},"end":{"line":63,"column":4}},"1":{"start":{"line":42,"column":12},"end":{"line":42,"column":56}},"2":{"start":{"line":53,"column":16},"end":{"line":54,"column":47}},"3":{"start":{"line":66,"column":20},"end":{"line":75,"column":1}},"4":{"start":{"line":77,"column":18},"end":{"line":79,"column":1}}},"fnMap":{"0":{"name":"GrabTen","decl":{"start":{"line":26,"column":24},"end":{"line":26,"column":31}},"loc":{"start":{"line":26,"column":39},"end":{"line":64,"column":1}},"line":26},"1":{"name":"(anonymous_1)","decl":{"start":{"line":41,"column":19},"end":{"line":41,"column":20}},"loc":{"start":{"line":41,"column":25},"end":{"line":43,"column":11}},"line":41},"2":{"name":"(anonymous_2)","decl":{"start":{"line":52,"column":19},"end":{"line":52,"column":20}},"loc":{"start":{"line":53,"column":16},"end":{"line":54,"column":47}},"line":53}},"branchMap":{"0":{"loc":{"start":{"line":47,"column":9},"end":{"line":59,"column":9}},"type":"cond-expr","locations":[{"start":{"line":48,"column":10},"end":{"line":56,"column":16}},{"start":{"line":58,"column":10},"end":{"line":58,"column":12}}],"line":47}},"s":{"0":0,"1":0,"2":0,"3":1,"4":1},"f":{"0":0,"1":0,"2":0},"b":{"0":[0,0]},"_coverageSchema":"43e27e138ebf9cfc5966b082cf9a028302ed4184","hash":"3d780cdbe616d45da0c9c510d03bec32fa709011"}
,"/Users/o/Documents/GitHub/eosjs_demo/src/components/Header.js": {"path":"/Users/o/Documents/GitHub/eosjs_demo/src/components/Header.js","statementMap":{"0":{"start":{"line":29,"column":2},"end":{"line":134,"column":4}},"1":{"start":{"line":90,"column":14},"end":{"line":90,"column":48}},"2":{"start":{"line":107,"column":14},"end":{"line":107,"column":45}},"3":{"start":{"line":137,"column":19},"end":{"line":139,"column":1}}},"fnMap":{"0":{"name":"Header","decl":{"start":{"line":28,"column":24},"end":{"line":28,"column":30}},"loc":{"start":{"line":28,"column":38},"end":{"line":135,"column":1}},"line":28},"1":{"name":"(anonymous_1)","decl":{"start":{"line":89,"column":21},"end":{"line":89,"column":22}},"loc":{"start":{"line":89,"column":27},"end":{"line":91,"column":13}},"line":89},"2":{"name":"(anonymous_2)","decl":{"start":{"line":106,"column":21},"end":{"line":106,"column":22}},"loc":{"start":{"line":106,"column":27},"end":{"line":108,"column":13}},"line":106}},"branchMap":{},"s":{"0":0,"1":0,"2":0,"3":1},"f":{"0":0,"1":0,"2":0},"b":{},"_coverageSchema":"43e27e138ebf9cfc5966b082cf9a028302ed4184","hash":"830c257428d37d49befcbaf7abc07de40cb575c5"}
,"/Users/o/Documents/GitHub/eosjs_demo/src/components/SearchABI.js": {"path":"/Users/o/Documents/GitHub/eosjs_demo/src/components/SearchABI.js","statementMap":{"0":{"start":{"line":41,"column":5},"end":{"line":41,"column":21}},"1":{"start":{"line":43,"column":14},"end":{"line":43,"column":35}},"2":{"start":{"line":47,"column":18},"end":{"line":47,"column":49}},"3":{"start":{"line":50,"column":12},"end":{"line":50,"column":47}},"4":{"start":{"line":57,"column":40},"end":{"line":57,"column":52}},"5":{"start":{"line":58,"column":23},"end":{"line":60,"column":3}},"6":{"start":{"line":59,"column":4},"end":{"line":59,"column":25}},"7":{"start":{"line":62,"column":2},"end":{"line":151,"column":4}},"8":{"start":{"line":97,"column":31},"end":{"line":97,"column":61}},"9":{"start":{"line":108,"column":20},"end":{"line":112,"column":25}},"10":{"start":{"line":109,"column":22},"end":{"line":109,"column":47}},"11":{"start":{"line":110,"column":40},"end":{"line":110,"column":70}},"12":{"start":{"line":111,"column":22},"end":{"line":111,"column":47}},"13":{"start":{"line":154,"column":25},"end":{"line":162,"column":1}},"14":{"start":{"line":164,"column":14},"end":{"line":183,"column":1}},"15":{"start":{"line":189,"column":18},"end":{"line":193,"column":1}}},"fnMap":{"0":{"name":"AbiDisplay","decl":{"start":{"line":56,"column":24},"end":{"line":56,"column":34}},"loc":{"start":{"line":56,"column":42},"end":{"line":152,"column":1}},"line":56},"1":{"name":"(anonymous_1)","decl":{"start":{"line":58,"column":23},"end":{"line":58,"column":24}},"loc":{"start":{"line":58,"column":32},"end":{"line":60,"column":3}},"line":58},"2":{"name":"(anonymous_2)","decl":{"start":{"line":97,"column":24},"end":{"line":97,"column":25}},"loc":{"start":{"line":97,"column":31},"end":{"line":97,"column":61}},"line":97},"3":{"name":"(anonymous_3)","decl":{"start":{"line":107,"column":27},"end":{"line":107,"column":28}},"loc":{"start":{"line":107,"column":38},"end":{"line":113,"column":19}},"line":107},"4":{"name":"(anonymous_4)","decl":{"start":{"line":108,"column":21},"end":{"line":108,"column":22}},"loc":{"start":{"line":108,"column":38},"end":{"line":112,"column":21}},"line":108}},"branchMap":{},"s":{"0":1,"1":1,"2":1,"3":1,"4":0,"5":0,"6":0,"7":0,"8":0,"9":0,"10":0,"11":0,"12":0,"13":1,"14":1,"15":1},"f":{"0":0,"1":0,"2":0,"3":0,"4":0},"b":{},"_coverageSchema":"43e27e138ebf9cfc5966b082cf9a028302ed4184","hash":"4965eff65c3dfd2d0472eb973bbeb0fca6a5b158"}
,"/Users/o/Documents/GitHub/eosjs_demo/src/components/Transaction.js": {"path":"/Users/o/Documents/GitHub/eosjs_demo/src/components/Transaction.js","statementMap":{"0":{"start":{"line":20,"column":2},"end":{"line":72,"column":4}},"1":{"start":{"line":333,"column":18},"end":{"line":335,"column":1}},"2":{"start":{"line":337,"column":20},"end":{"line":344,"column":1}},"3":{"start":{"line":346,"column":18},"end":{"line":350,"column":1}},"4":{"start":{"line":352,"column":18},"end":{"line":357,"column":1}},"5":{"start":{"line":359,"column":25},"end":{"line":366,"column":1}},"6":{"start":{"line":368,"column":20},"end":{"line":371,"column":1}},"7":{"start":{"line":373,"column":17},"end":{"line":379,"column":1}},"8":{"start":{"line":381,"column":19},"end":{"line":384,"column":1}},"9":{"start":{"line":386,"column":21},"end":{"line":388,"column":1}},"10":{"start":{"line":390,"column":23},"end":{"line":392,"column":1}},"11":{"start":{"line":395,"column":14},"end":{"line":414,"column":1}}},"fnMap":{"0":{"name":"TransactionList","decl":{"start":{"line":18,"column":24},"end":{"line":18,"column":39}},"loc":{"start":{"line":18,"column":47},"end":{"line":73,"column":1}},"line":18}},"branchMap":{},"s":{"0":0,"1":1,"2":1,"3":1,"4":1,"5":1,"6":1,"7":1,"8":1,"9":1,"10":1,"11":1},"f":{"0":0},"b":{},"_coverageSchema":"43e27e138ebf9cfc5966b082cf9a028302ed4184","hash":"32f871b4b48f5f71ec5e81e00512d9ec286b13d2"}
}
