TN:
SF:src/components/Block.js
FN:11,Block
FNF:1
FNH:0
FNDA:0,Block
DA:13,0
DA:14,0
DA:105,0
DA:106,0
DA:110,1
DA:117,1
DA:124,1
LF:7
LH:3
BRDA:84,0,0,0
BRDA:84,0,1,0
BRDA:85,1,0,0
BRDA:85,1,1,0
BRF:4
BRH:0
end_of_record
TN:
SF:src/components/BlockFeed.js
FN:25,BlockFeed
FN:41,(anonymous_1)
FNF:2
FNH:0
FNDA:0,BlockFeed
FNDA:0,(anonymous_1)
DA:26,0
DA:42,0
LF:2
LH:0
BRF:0
BRH:0
end_of_record
TN:
SF:src/components/ErrorBoundary.js
FN:5,(anonymous_0)
FN:10,(anonymous_1)
FN:19,(anonymous_2)
FNF:3
FNH:0
FNDA:0,(anonymous_0)
FNDA:0,(anonymous_1)
FNDA:0,(anonymous_2)
DA:6,0
DA:7,0
DA:12,0
DA:20,0
DA:22,0
DA:34,0
LF:6
LH:0
BRDA:20,0,0,0
BRDA:20,0,1,0
BRDA:26,1,0,0
BRDA:26,1,1,0
BRF:4
BRH:0
end_of_record
TN:
SF:src/components/GrabTen.js
FN:25,GrabTen
FN:39,(anonymous_1)
FN:50,(anonymous_2)
FNF:3
FNH:0
FNDA:0,GrabTen
FNDA:0,(anonymous_1)
FNDA:0,(anonymous_2)
DA:26,0
DA:40,0
DA:51,0
DA:63,1
DA:74,1
LF:5
LH:2
BRDA:45,0,0,0
BRDA:45,0,1,0
BRF:2
BRH:0
end_of_record
TN:
SF:src/components/Header.js
FN:28,Header
FN:89,(anonymous_1)
FN:105,(anonymous_2)
FNF:3
FNH:0
FNDA:0,Header
FNDA:0,(anonymous_1)
FNDA:0,(anonymous_2)
DA:29,0
DA:90,0
DA:106,0
DA:135,1
LF:4
LH:1
BRF:0
BRH:0
end_of_record
TN:
SF:src/components/SearchABI.js
FN:52,AbiDisplay
FN:55,(anonymous_1)
FN:94,(anonymous_2)
FN:104,(anonymous_3)
FN:105,(anonymous_4)
FNF:5
FNH:0
FNDA:0,AbiDisplay
FNDA:0,(anonymous_1)
FNDA:0,(anonymous_2)
FNDA:0,(anonymous_3)
FNDA:0,(anonymous_4)
DA:34,1
DA:35,1
DA:36,1
DA:37,1
DA:38,1
DA:39,1
DA:40,1
DA:41,1
DA:44,1
DA:45,1
DA:46,1
DA:53,0
DA:55,0
DA:56,0
DA:59,0
DA:94,0
DA:105,0
DA:106,0
DA:107,0
DA:108,0
DA:152,1
DA:162,1
DA:187,1
LF:23
LH:14
BRF:0
BRH:0
end_of_record
TN:
SF:src/components/Transaction.js
FN:18,TransactionList
FNF:1
FNH:0
FNDA:0,TransactionList
DA:20,0
DA:333,1
DA:337,1
DA:346,1
DA:352,1
DA:359,1
DA:368,1
DA:373,1
DA:381,1
DA:386,1
DA:390,1
DA:395,1
LF:12
LH:11
BRF:0
BRH:0
end_of_record
